<?xml version="1.0" encoding="UTF-8"?>
<!-- Generated by org.testng.reporters.JUnitReportReporter -->
<testsuite hostname="DESKTOP-TTAV2T1" failures="0" tests="1" name="org.altairretro.practice.RealThree" time="0.006" errors="0" timestamp="2022-09-10T12:24:32 IST" skipped="0">
  <testcase classname="org.altairretro.practice.RealThree" name="test3" time="0.006"/>
  <system-out/>
</testsuite> <!-- org.altairretro.practice.RealThree -->
