<?xml version="1.0" encoding="UTF-8"?>
<!-- Generated by org.testng.reporters.JUnitReportReporter -->
<testsuite hostname="DESKTOP-TTAV2T1" failures="0" tests="1" name="org.altairretro.practice.RealFive" time="0.003" errors="0" timestamp="2022-09-10T12:24:32 IST" skipped="0">
  <testcase classname="org.altairretro.practice.RealFive" name="test5" time="0.003"/>
  <system-out/>
</testsuite> <!-- org.altairretro.practice.RealFive -->
