<?xml version="1.0" encoding="UTF-8"?>
<!-- Generated by org.testng.reporters.JUnitReportReporter -->
<testsuite hostname="DESKTOP-TTAV2T1" failures="0" tests="1" name="testNGPractice.RealFive" time="0.019" errors="0" timestamp="2022-09-09T23:33:17 IST" skipped="0">
  <testcase classname="testNGPractice.RealFive" name="test5" time="0.019"/>
  <system-out/>
</testsuite> <!-- testNGPractice.RealFive -->
