<?xml version="1.0" encoding="UTF-8"?>
<!-- Generated by org.testng.reporters.JUnitReportReporter -->
<testsuite hostname="DESKTOP-TTAV2T1" failures="0" tests="1" name="org.altairretro.practice.AccountAdd" time="10.264" errors="0" timestamp="2022-09-15T10:41:55 IST" skipped="0">
  <testcase classname="org.altairretro.practice.AccountAdd" name="AccountAction" time="10.264"/>
  <system-out/>
</testsuite> <!-- org.altairretro.practice.AccountAdd -->
