<?xml version="1.0" encoding="UTF-8"?>
<!-- Generated by org.testng.reporters.JUnitReportReporter -->
<testsuite hostname="DESKTOP-TTAV2T1" failures="0" tests="1" name="org.altairretro.practice.AccountAddTest" time="10.841" errors="0" timestamp="2022-09-16T15:32:23 IST" skipped="0">
  <testcase classname="org.altairretro.practice.AccountAddTest" name="AccountAction" time="10.841"/>
  <system-out/>
</testsuite> <!-- org.altairretro.practice.AccountAddTest -->
