<?xml version="1.0" encoding="UTF-8"?>
<!-- Generated by org.testng.reporters.JUnitReportReporter -->
<testsuite hostname="DESKTOP-TTAV2T1" failures="0" tests="1" name="org.altairretro.practice.AddSupplier" time="5.891" errors="0" timestamp="2022-09-15T10:38:24 IST" skipped="0">
  <testcase classname="org.altairretro.practice.AddSupplier" name="SupplierAction" time="5.891"/>
  <system-out/>
</testsuite> <!-- org.altairretro.practice.AddSupplier -->
