<?xml version="1.0" encoding="UTF-8"?>
<!-- Generated by org.testng.reporters.JUnitReportReporter -->
<testsuite hostname="DESKTOP-TTAV2T1" failures="0" tests="4" name="org.altairretro.practice.testNGPractice" time="0.032" errors="0" timestamp="2022-09-10T00:02:22 IST" skipped="0">
  <testcase classname="org.altairretro.practice.testNGPractice" name="testRegistration" time="0.016"/>
  <system-out/>
  <testcase classname="org.altairretro.practice.testNGPractice" name="testLogin" time="0.004"/>
  <system-out/>
  <testcase classname="org.altairretro.practice.testNGPractice" name="testHomepage" time="0.006"/>
  <system-out/>
  <testcase classname="org.altairretro.practice.testNGPractice" name="testLogout" time="0.006"/>
  <system-out/>
</testsuite> <!-- org.altairretro.practice.testNGPractice -->
